# JRE version: Java(TM) SE Runtime Environment (8.0_101-b13) (build 1.8.0_101-b13)
# Java VM: Java HotSpot(TM) Client VM (25.101-b13 mixed mode windows-x86 )
Heap:
 def new generation   total 18240K, used 4323K [0x03c00000, 0x04fc0000, 0x09150000)
  eden space 16256K,  17% used [0x03c00000, 0x03ed1fb8, 0x04be0000)
  from space 1984K,  72% used [0x04dd0000, 0x04f36e80, 0x04fc0000)
  to   space 1984K,   0% used [0x04be0000, 0x04be0000, 0x04dd0000)
 tenured generation   total 40364K, used 34999K [0x09150000, 0x0b8bb000, 0x13c00000)
   the space 40364K,  86% used [0x09150000, 0x0b37dcb8, 0x0b37de00, 0x0b8bb000)
 Metaspace       used 33469K, capacity 33798K, committed 33920K, reserved 34176K
GC Heap History (10 events):
Event: 295.098 GC heap before
{Heap before GC invocations=128 (full 5):
 def new generation   total 18240K, used 17305K [0x03c00000, 0x04fc0000, 0x09150000)
  eden space 16256K, 100% used [0x03c00000, 0x04be0000, 0x04be0000)
  from space 1984K,  52% used [0x04be0000, 0x04ce6728, 0x04dd0000)
  to   space 1984K,   0% used [0x04dd0000, 0x04dd0000, 0x04fc0000)
 tenured generation   total 40364K, used 28725K [0x09150000, 0x0b8bb000, 0x13c00000)
   the space 40364K,  71% used [0x09150000, 0x0ad5d750, 0x0ad5d800, 0x0b8bb000)
 Metaspace       used 33053K, capacity 33334K, committed 33408K, reserved 34176K
Event: 295.124 GC heap after
Heap after GC invocations=129 (full 5):
 def new generation   total 18240K, used 1255K [0x03c00000, 0x04fc0000, 0x09150000)
  eden space 16256K,   0% used [0x03c00000, 0x03c00000, 0x04be0000)
  from space 1984K,  63% used [0x04dd0000, 0x04f09fc8, 0x04fc0000)
  to   space 1984K,   0% used [0x04be0000, 0x04be0000, 0x04dd0000)
 tenured generation   total 40364K, used 29209K [0x09150000, 0x0b8bb000, 0x13c00000)
   the space 40364K,  72% used [0x09150000, 0x0add67f0, 0x0add6800, 0x0b8bb000)
 Metaspace       used 33053K, capacity 33334K, committed 33408K, reserved 34176K
}
Event: 296.069 GC heap before
{Heap before GC invocations=129 (full 5):
 def new generation   total 18240K, used 17511K [0x03c00000, 0x04fc0000, 0x09150000)
  eden space 16256K, 100% used [0x03c00000, 0x04be0000, 0x04be0000)
  from space 1984K,  63% used [0x04dd0000, 0x04f09fc8, 0x04fc0000)
  to   space 1984K,   0% used [0x04be0000, 0x04be0000, 0x04dd0000)
 tenured generation   total 40364K, used 29209K [0x09150000, 0x0b8bb000, 0x13c00000)
   the space 40364K,  72% used [0x09150000, 0x0add67f0, 0x0add6800, 0x0b8bb000)
 Metaspace       used 33180K, capacity 33477K, committed 33536K, reserved 34176K
Event: 296.120 GC heap after
Heap after GC invocations=130 (full 5):
 def new generation   total 18240K, used 1984K [0x03c00000, 0x04fc0000, 0x09150000)
  eden space 16256K,   0% used [0x03c00000, 0x03c00000, 0x04be0000)
  from space 1984K, 100% used [0x04be0000, 0x04dd0000, 0x04dd0000)
  to   space 1984K,   0% used [0x04dd0000, 0x04dd0000, 0x04fc0000)
 tenured generation   total 40364K, used 30662K [0x09150000, 0x0b8bb000, 0x13c00000)
   the space 40364K,  75% used [0x09150000, 0x0af41a20, 0x0af41c00, 0x0b8bb000)
 Metaspace       used 33180K, capacity 33477K, committed 33536K, reserved 34176K
}
Event: 299.337 GC heap before
{Heap before GC invocations=130 (full 5):
 def new generation   total 18240K, used 18240K [0x03c00000, 0x04fc0000, 0x09150000)
  eden space 16256K, 100% used [0x03c00000, 0x04be0000, 0x04be0000)
  from space 1984K, 100% used [0x04be0000, 0x04dd0000, 0x04dd0000)
  to   space 1984K,   0% used [0x04dd0000, 0x04dd0000, 0x04fc0000)
 tenured generation   total 40364K, used 30662K [0x09150000, 0x0b8bb000, 0x13c00000)
   the space 40364K,  75% used [0x09150000, 0x0af41a20, 0x0af41c00, 0x0b8bb000)
 Metaspace       used 33210K, capacity 33516K, committed 33664K, reserved 34176K
Event: 299.380 GC heap after
Heap after GC invocations=131 (full 5):
 def new generation   total 18240K, used 1116K [0x03c00000, 0x04fc0000, 0x09150000)
  eden space 16256K,   0% used [0x03c00000, 0x03c00000, 0x04be0000)
  from space 1984K,  56% used [0x04dd0000, 0x04ee7008, 0x04fc0000)
  to   space 1984K,   0% used [0x04be0000, 0x04be0000, 0x04dd0000)
 tenured generation   total 40364K, used 32628K [0x09150000, 0x0b8bb000, 0x13c00000)
   the space 40364K,  80% used [0x09150000, 0x0b12d240, 0x0b12d400, 0x0b8bb000)
 Metaspace       used 33210K, capacity 33516K, committed 33664K, reserved 34176K
}
Event: 300.400 GC heap before
{Heap before GC invocations=131 (full 5):
 def new generation   total 18240K, used 17372K [0x03c00000, 0x04fc0000, 0x09150000)
  eden space 16256K, 100% used [0x03c00000, 0x04be0000, 0x04be0000)
  from space 1984K,  56% used [0x04dd0000, 0x04ee7008, 0x04fc0000)
  to   space 1984K,   0% used [0x04be0000, 0x04be0000, 0x04dd0000)
 tenured generation   total 40364K, used 32628K [0x09150000, 0x0b8bb000, 0x13c00000)
   the space 40364K,  80% used [0x09150000, 0x0b12d240, 0x0b12d400, 0x0b8bb000)
 Metaspace       used 33439K, capacity 33768K, committed 33792K, reserved 34176K
Event: 300.439 GC heap after
Heap after GC invocations=132 (full 5):
 def new generation   total 18240K, used 1312K [0x03c00000, 0x04fc0000, 0x09150000)
  eden space 16256K,   0% used [0x03c00000, 0x03c00000, 0x04be0000)
  from space 1984K,  66% used [0x04be0000, 0x04d28018, 0x04dd0000)
  to   space 1984K,   0% used [0x04dd0000, 0x04dd0000, 0x04fc0000)
 tenured generation   total 40364K, used 33714K [0x09150000, 0x0b8bb000, 0x13c00000)
   the space 40364K,  83% used [0x09150000, 0x0b23c840, 0x0b23ca00, 0x0b8bb000)
 Metaspace       used 33439K, capacity 33768K, committed 33792K, reserved 34176K
}
Event: 301.590 GC heap before
{Heap before GC invocations=132 (full 5):
 def new generation   total 18240K, used 17568K [0x03c00000, 0x04fc0000, 0x09150000)
  eden space 16256K, 100% used [0x03c00000, 0x04be0000, 0x04be0000)
  from space 1984K,  66% used [0x04be0000, 0x04d28018, 0x04dd0000)
  to   space 1984K,   0% used [0x04dd0000, 0x04dd0000, 0x04fc0000)
 tenured generation   total 40364K, used 33714K [0x09150000, 0x0b8bb000, 0x13c00000)
   the space 40364K,  83% used [0x09150000, 0x0b23c840, 0x0b23ca00, 0x0b8bb000)
 Metaspace       used 33469K, capacity 33798K, committed 33920K, reserved 34176K
Event: 301.634 GC heap after
Heap after GC invocations=133 (full 5):
 def new generation   total 18240K, used 1435K [0x03c00000, 0x04fc0000, 0x09150000)
  eden space 16256K,   0% used [0x03c00000, 0x03c00000, 0x04be0000)
  from space 1984K,  72% used [0x04dd0000, 0x04f36e80, 0x04fc0000)
  to   space 1984K,   0% used [0x04be0000, 0x04be0000, 0x04dd0000)
 tenured generation   total 40364K, used 34999K [0x09150000, 0x0b8bb000, 0x13c00000)
   the space 40364K,  86% used [0x09150000, 0x0b37dcb8, 0x0b37de00, 0x0b8bb000)
 Metaspace       used 33469K, capacity 33798K, committed 33920K, reserved 34176K
}

